<?xml version="1.0" encoding="UTF-8"?>
<testsuite xmlns:xsi="http://www.w3.org/2001/XMLSchema-instance" xsi:noNamespaceSchemaLocation="https://maven.apache.org/surefire/maven-surefire-plugin/xsd/surefire-test-report.xsd" name="com.example.todoapp.TodoServiceTest" time="0.15" tests="8" errors="0" skipped="0" failures="0">
  <properties>
[...]
</properties>
  <testcase name="testUpdateNonExistentTodo" classname="com.example.todoapp.TodoServiceTest" time="0.134"/>
  <testcase name="testCreateTodoWithEmptyTitle" classname="com.example.todoapp.TodoServiceTest" time="0.001"/>
  <testcase name="testGetAllTodos" classname="com.example.todoapp.TodoServiceTest" time="0.003"/>
  <testcase name="testUpdateTodo" classname="com.example.todoapp.TodoServiceTest" time="0.001"/>
  <testcase name="testGetTodoById" classname="com.example.todoapp.TodoServiceTest" time="0.001"/>
  <testcase name="testCreateTodo" classname="com.example.todoapp.TodoServiceTest" time="0.001"/>
  <testcase name="testDeleteTodo" classname="com.example.todoapp.TodoServiceTest" time="0.001"/>
  <testcase name="testDeleteNonExistentTodo" classname="com.example.todoapp.TodoServiceTest" time="0.001"/>
</testsuite>